<?xml version="1.0" encoding="UTF-8"?>
<!-- Generated by org.testng.reporters.JUnitReportReporter -->
<testsuite hostname="DESKTOP-I588ITP" failures="0" tests="2" name="restCountriesPackage.API_Tests" time="2.964" errors="0" timestamp="2024-01-02T21:18:29 IST" skipped="0">
  <testcase classname="restCountriesPackage.API_Tests" name="positiveCase" time="2.031"/>
  <system-out/>
  <testcase classname="restCountriesPackage.API_Tests" name="negativeCase" time="0.933"/>
  <system-out/>
</testsuite> <!-- restCountriesPackage.API_Tests -->
