<?xml version="1.0" encoding="UTF-8"?>
<!-- Generated by org.testng.reporters.JUnitReportReporter -->
<testsuite skipped="0" hostname="DESKTOP-RKPLT57" name="reqresPackage.ReqresAPI_Tests" tests="2" failures="0" timestamp="2024-01-09T21:17:29 IST" time="10.277" errors="0">
  <testcase name="positiveCase" time="9.184" classname="reqresPackage.ReqresAPI_Tests"/>
  <system-out/>
  <testcase name="negativeCase" time="1.093" classname="reqresPackage.ReqresAPI_Tests"/>
  <system-out/>
</testsuite> <!-- reqresPackage.ReqresAPI_Tests -->
