<?xml version="1.0" encoding="UTF-8"?>
<!-- Generated by org.testng.reporters.JUnitReportReporter -->
<testsuite skipped="0" hostname="DESKTOP-RKPLT57" name="SDET.RestAssuredComprehensivePrograms.Implement8" tests="1" failures="0" timestamp="2023-12-20T13:21:38 IST" time="5.322" errors="0">
  <testcase name="getResponseStatus" time="5.322" classname="SDET.RestAssuredComprehensivePrograms.Implement8"/>
  <system-out/>
</testsuite> <!-- SDET.RestAssuredComprehensivePrograms.Implement8 -->
