<?xml version="1.0" encoding="UTF-8"?>
<!-- Generated by org.testng.reporters.JUnitReportReporter -->
<testsuite skipped="0" hostname="DESKTOP-RKPLT57" name="SDET.TestNGComprehensivePrograms.TestNgDemoClass" tests="6" failures="0" timestamp="2023-12-18T21:38:20 IST" time="0.028" errors="0">
  <testcase name="testRun2" time="0.002" classname="SDET.TestNGComprehensivePrograms.TestNgDemoClass"/>
  <system-out/>
  <testcase name="testRun1" time="0.003" classname="SDET.TestNGComprehensivePrograms.TestNgDemoClass"/>
  <system-out/>
  <testcase name="testRun1" time="0.003" classname="SDET.TestNGComprehensivePrograms.TestNgDemoClass"/>
  <system-out/>
  <testcase name="testRun1" time="0.011" classname="SDET.TestNGComprehensivePrograms.TestNgDemoClass"/>
  <system-out/>
  <testcase name="testRun2" time="0.003" classname="SDET.TestNGComprehensivePrograms.TestNgDemoClass"/>
  <system-out/>
  <testcase name="testRun2" time="0.006" classname="SDET.TestNGComprehensivePrograms.TestNgDemoClass"/>
  <system-out/>
</testsuite> <!-- SDET.TestNGComprehensivePrograms.TestNgDemoClass -->
