<?xml version="1.0" encoding="UTF-8"?>
<!-- Generated by org.testng.reporters.JUnitReportReporter -->
<testsuite skipped="0" hostname="DESKTOP-RKPLT57" name="SDET.TestNGComprehensivePrograms.Implementation5" tests="9" failures="0" timestamp="2023-12-25T18:24:01 IST" time="32.243" errors="0">
  <testcase name="clickLinks" time="8.427" classname="SDET.TestNGComprehensivePrograms.Implementation5"/>
  <system-out/>
  <testcase name="verifyUrl" time="0.058" classname="SDET.TestNGComprehensivePrograms.Implementation5"/>
  <system-out/>
  <testcase name="clickLinks" time="7.691" classname="SDET.TestNGComprehensivePrograms.Implementation5"/>
  <system-out/>
  <testcase name="verifyUrl" time="0.096" classname="SDET.TestNGComprehensivePrograms.Implementation5"/>
  <system-out/>
  <testcase name="clickLinks" time="11.583" classname="SDET.TestNGComprehensivePrograms.Implementation5"/>
  <system-out/>
  <testcase name="verifyUrl" time="0.159" classname="SDET.TestNGComprehensivePrograms.Implementation5"/>
  <system-out/>
  <testcase name="clickLinks" time="4.037" classname="SDET.TestNGComprehensivePrograms.Implementation5"/>
  <system-out/>
  <testcase name="verifyUrl" time="0.090" classname="SDET.TestNGComprehensivePrograms.Implementation5"/>
  <system-out/>
  <testcase name="verifyUrl" time="0.102" classname="SDET.TestNGComprehensivePrograms.Implementation5"/>
  <system-out/>
</testsuite> <!-- SDET.TestNGComprehensivePrograms.Implementation5 -->
