<?xml version="1.0" encoding="UTF-8"?>
<!-- Generated by org.testng.reporters.JUnitReportReporter -->
<testsuite skipped="0" hostname="DESKTOP-RKPLT57" name="SDET.TestNGComprehensivePrograms.Implementation5" tests="9" failures="0" timestamp="2023-12-25T18:27:43 IST" time="33.181" errors="0">
  <testcase name="verifyUrl" time="0.086" classname="SDET.TestNGComprehensivePrograms.Implementation5"/>
  <system-out/>
  <testcase name="clickLinks" time="7.970" classname="SDET.TestNGComprehensivePrograms.Implementation5"/>
  <system-out/>
  <testcase name="verifyUrl" time="0.188" classname="SDET.TestNGComprehensivePrograms.Implementation5"/>
  <system-out/>
  <testcase name="verifyUrl" time="0.076" classname="SDET.TestNGComprehensivePrograms.Implementation5"/>
  <system-out/>
  <testcase name="verifyUrl" time="0.048" classname="SDET.TestNGComprehensivePrograms.Implementation5"/>
  <system-out/>
  <testcase name="clickLinks" time="7.975" classname="SDET.TestNGComprehensivePrograms.Implementation5"/>
  <system-out/>
  <testcase name="verifyUrl" time="0.098" classname="SDET.TestNGComprehensivePrograms.Implementation5"/>
  <system-out/>
  <testcase name="clickLinks" time="9.076" classname="SDET.TestNGComprehensivePrograms.Implementation5"/>
  <system-out/>
  <testcase name="clickLinks" time="7.664" classname="SDET.TestNGComprehensivePrograms.Implementation5"/>
  <system-out/>
</testsuite> <!-- SDET.TestNGComprehensivePrograms.Implementation5 -->
