<?xml version="1.0" encoding="UTF-8"?>
<!-- Generated by org.testng.reporters.JUnitReportReporter -->
<testsuite skipped="0" hostname="DESKTOP-RKPLT57" name="cucumberRunnerPackage.RunnerClass" tests="1" failures="0" timestamp="09 Jan 2024 16:16:03 GMT" time="104.004" errors="0">
  <testcase name="runScenario" time="104.004" classname="cucumberRunnerPackage.RunnerClass"/>
</testsuite> <!-- cucumberRunnerPackage.RunnerClass -->
